<?xml version="1.0" encoding="UTF-8"?>
<!-- Generated by org.testng.reporters.JUnitXMLReporter -->
<testsuite hostname="TDG-MBL-GDL623" name="Test" tests="4" failures="0" timestamp="25 Jun 2019 21:27:37 GMT" time="13.79" errors="0">
  <testcase name="@BeforeTest initialize" time="0.0" classname="Academy.HomePage">
    <failure type="org.openqa.selenium.WebDriverException" message="unknown error: Chrome failed to start: exited normally
  (chrome not reachable)
  (The process started from chrome location C:\Program Files (x86)\Google\Chrome\Application\chrome.exe is no longer running, so ChromeDriver is assuming that Chrome has crashed.)
Build info: version: &amp;apos;3.141.59&amp;apos;, revision: &amp;apos;e82be7d358&amp;apos;, time: &amp;apos;2018-11-14T08:17:03&amp;apos;
System info: host: &amp;apos;TDG-MBL-GDL623&amp;apos;, ip: &amp;apos;172.18.13.14&amp;apos;, os.name: &amp;apos;Windows 10&amp;apos;, os.arch: &amp;apos;amd64&amp;apos;, os.version: &amp;apos;10.0&amp;apos;, java.version: &amp;apos;1.8.0_211&amp;apos;
Driver info: driver.version: ChromeDriver
remote stacktrace: Backtrace:
	Ordinal0 [0x00C87DF3+1474035]
	Ordinal0 [0x00C007D1+919505]
	Ordinal0 [0x00B9CB43+510787]
	Ordinal0 [0x00B2EA89+60041]
	Ordinal0 [0x00B50CE4+199908]
	Ordinal0 [0x00B5069D+198301]
	Ordinal0 [0x00B4EECB+192203]
	Ordinal0 [0x00B35FF6+90102]
	Ordinal0 [0x00B3765A+95834]
	Ordinal0 [0x00B37554+95572]
	GetHandleVerifier [0x00DE231C+1249612]
	GetHandleVerifier [0x00D31575+525221]
	GetHandleVerifier [0x00D31310+524608]
	Ordinal0 [0x00C95D28+1531176]
	GetHandleVerifier [0x00D31D4A+527226]
	Ordinal0 [0x00C175F6+1013238]
	Ordinal0 [0x00C1746F+1012847]
	Ordinal0 [0x00C2365B+1062491]
	Ordinal0 [0x00C2379F+1062815]
	Ordinal0 [0x00C22745+1058629]
	BaseThreadInitThunk [0x74880419+25]
	RtlGetAppContainerNamedObjectPath [0x7700662D+237]
	RtlGetAppContainerNamedObjectPath [0x770065FD+189]
">
      <![CDATA[org.openqa.selenium.WebDriverException: unknown error: Chrome failed to start: exited normally
  (chrome not reachable)
  (The process started from chrome location C:\Program Files (x86)\Google\Chrome\Application\chrome.exe is no longer running, so ChromeDriver is assuming that Chrome has crashed.)
Build info: version: '3.141.59', revision: 'e82be7d358', time: '2018-11-14T08:17:03'
System info: host: 'TDG-MBL-GDL623', ip: '172.18.13.14', os.name: 'Windows 10', os.arch: 'amd64', os.version: '10.0', java.version: '1.8.0_211'
Driver info: driver.version: ChromeDriver
remote stacktrace: Backtrace:
	Ordinal0 [0x00C87DF3+1474035]
	Ordinal0 [0x00C007D1+919505]
	Ordinal0 [0x00B9CB43+510787]
	Ordinal0 [0x00B2EA89+60041]
	Ordinal0 [0x00B50CE4+199908]
	Ordinal0 [0x00B5069D+198301]
	Ordinal0 [0x00B4EECB+192203]
	Ordinal0 [0x00B35FF6+90102]
	Ordinal0 [0x00B3765A+95834]
	Ordinal0 [0x00B37554+95572]
	GetHandleVerifier [0x00DE231C+1249612]
	GetHandleVerifier [0x00D31575+525221]
	GetHandleVerifier [0x00D31310+524608]
	Ordinal0 [0x00C95D28+1531176]
	GetHandleVerifier [0x00D31D4A+527226]
	Ordinal0 [0x00C175F6+1013238]
	Ordinal0 [0x00C1746F+1012847]
	Ordinal0 [0x00C2365B+1062491]
	Ordinal0 [0x00C2379F+1062815]
	Ordinal0 [0x00C22745+1058629]
	BaseThreadInitThunk [0x74880419+25]
	RtlGetAppContainerNamedObjectPath [0x7700662D+237]
	RtlGetAppContainerNamedObjectPath [0x770065FD+189]

	at org.openqa.selenium.remote.W3CHandshakeResponse.lambda$errorHandler$0(W3CHandshakeResponse.java:62)
	at org.openqa.selenium.remote.HandshakeResponse.lambda$getResponseFunction$0(HandshakeResponse.java:30)
	at org.openqa.selenium.remote.ProtocolHandshake.lambda$createSession$0(ProtocolHandshake.java:126)
	at java.util.stream.ReferencePipeline$3$1.accept(Unknown Source)
	at java.util.Spliterators$ArraySpliterator.tryAdvance(Unknown Source)
	at java.util.stream.ReferencePipeline.forEachWithCancel(Unknown Source)
	at java.util.stream.AbstractPipeline.copyIntoWithCancel(Unknown Source)
	at java.util.stream.AbstractPipeline.copyInto(Unknown Source)
	at java.util.stream.AbstractPipeline.wrapAndCopyInto(Unknown Source)
	at java.util.stream.FindOps$FindOp.evaluateSequential(Unknown Source)
	at java.util.stream.AbstractPipeline.evaluate(Unknown Source)
	at java.util.stream.ReferencePipeline.findFirst(Unknown Source)
	at org.openqa.selenium.remote.ProtocolHandshake.createSession(ProtocolHandshake.java:128)
	at org.openqa.selenium.remote.ProtocolHandshake.createSession(ProtocolHandshake.java:74)
	at org.openqa.selenium.remote.HttpCommandExecutor.execute(HttpCommandExecutor.java:136)
	at org.openqa.selenium.remote.service.DriverCommandExecutor.execute(DriverCommandExecutor.java:83)
	at org.openqa.selenium.remote.RemoteWebDriver.execute(RemoteWebDriver.java:552)
	at org.openqa.selenium.remote.RemoteWebDriver.startSession(RemoteWebDriver.java:213)
	at org.openqa.selenium.remote.RemoteWebDriver.<init>(RemoteWebDriver.java:131)
	at org.openqa.selenium.chrome.ChromeDriver.<init>(ChromeDriver.java:181)
	at org.openqa.selenium.chrome.ChromeDriver.<init>(ChromeDriver.java:168)
	at org.openqa.selenium.chrome.ChromeDriver.<init>(ChromeDriver.java:123)
	at Resources.base.InitializeDriver(base.java:29)
	at Academy.validateTittle.initialize(validateTittle.java:19)
... Removed 26 stack frames]]>
    </failure>
  </testcase> <!-- @BeforeTest initialize -->
  <testcase name="@AfterTest teardown" time="0.0" classname="Academy.HomePage">
    <skipped/>
  </testcase> <!-- @AfterTest teardown -->
  <testcase name="@AfterTest teardown" time="0.0" classname="Academy.HomePage">
    <skipped/>
  </testcase> <!-- @AfterTest teardown -->
  <testcase name="@AfterTest teardown" time="0.0" classname="Academy.HomePage">
    <skipped/>
  </testcase> <!-- @AfterTest teardown -->
  <testcase name="basePageNavigation" time="0.001" classname="Academy.HomePage">
    <skipped/>
  </testcase> <!-- basePageNavigation -->
  <testcase name="basePageNavigation" time="0.0" classname="Academy.HomePage">
    <skipped/>
  </testcase> <!-- basePageNavigation -->
  <testcase name="basePageNavigation" time="0.001" classname="Academy.validateTittle">
    <skipped/>
  </testcase> <!-- basePageNavigation -->
  <testcase name="basePageNavigation" time="0.0" classname="Academy.validateNavigationBar">
    <skipped/>
  </testcase> <!-- basePageNavigation -->
</testsuite> <!-- Test -->
